生成启动时间为 2016/5/12 21:30:03。
     1>项目“D:\学习\计算机\大三\安全学\RSA\RSA\RSA\RSA.vcxproj”在节点 2 上(Build 个目标)。
     1>ClCompile:
         D:\学习\vc\VC\bin\CL.exe /c /ZI /nologo /W3 /WX- /Od /Oy- /D _MBCS /Gm /EHsc /RTC1 /MDd /GS /fp:precise /Zc:wchar_t /Zc:forScope /Fo"Debug\\" /Fd"Debug\vc110.pdb" /Gd /TP /analyze- /errorReport:prompt main.cpp
         main.cpp
     1>d:\学习\计算机\大三\安全学\rsa\rsa\rsa\bigint.h(156): warning C4018: “<”: 有符号/无符号不匹配
     1>d:\学习\计算机\大三\安全学\rsa\rsa\rsa\bigint.h(159): warning C4018: “<”: 有符号/无符号不匹配
     1>d:\学习\计算机\大三\安全学\rsa\rsa\rsa\bigint.h(160): warning C4018: “<”: 有符号/无符号不匹配
     1>d:\学习\计算机\大三\安全学\rsa\rsa\rsa\bigint.h(163): warning C4018: “<”: 有符号/无符号不匹配
     1>d:\学习\计算机\大三\安全学\rsa\rsa\rsa\bigint.h(167): warning C4018: “<”: 有符号/无符号不匹配
     1>d:\学习\计算机\大三\安全学\rsa\rsa\rsa\bigint.h(204): warning C4018: “<”: 有符号/无符号不匹配
     1>d:\学习\计算机\大三\安全学\rsa\rsa\rsa\bigint.h(207): warning C4018: “<”: 有符号/无符号不匹配
     1>d:\学习\计算机\大三\安全学\rsa\rsa\rsa\bigint.h(208): warning C4018: “<”: 有符号/无符号不匹配
     1>d:\学习\计算机\大三\安全学\rsa\rsa\rsa\bigint.h(213): warning C4018: “<”: 有符号/无符号不匹配
     1>d:\学习\计算机\大三\安全学\rsa\rsa\rsa\bigint.h(271): warning C4018: “<”: 有符号/无符号不匹配
     1>d:\学习\计算机\大三\安全学\rsa\rsa\rsa\bigint.h(272): warning C4018: “<”: 有符号/无符号不匹配
     1>d:\学习\计算机\大三\安全学\rsa\rsa\rsa\bigint.h(279): warning C4018: “<”: 有符号/无符号不匹配
       Link:
         D:\学习\vc\VC\bin\link.exe /ERRORREPORT:PROMPT /OUT:"D:\学习\计算机\大三\安全学\RSA\RSA\Debug\RSA.exe" /INCREMENTAL /NOLOGO opencv_ml2410d.lib opencv_calib3d2410d.lib opencv_contrib2410d.lib opencv_core2410d.lib opencv_features2d2410d.lib opencv_flann2410d.lib opencv_gpu2410d.lib opencv_highgui2410d.lib opencv_imgproc2410d.lib opencv_legacy2410d.lib opencv_objdetect2410d.lib opencv_ts2410d.lib opencv_video2410d.lib opencv_nonfree2410d.lib opencv_ocl2410d.lib opencv_photo2410d.lib opencv_stitching2410d.lib opencv_superres2410d.lib opencv_videostab2410d.lib opencv_objdetect2410.lib opencv_ts2410.lib opencv_video2410.lib opencv_nonfree2410.lib opencv_ocl2410.lib opencv_photo2410.lib opencv_stitching2410.lib opencv_superres2410.lib opencv_videostab2410.lib opencv_calib3d2410.lib opencv_contrib2410.lib opencv_core2410.lib opencv_features2d2410.lib opencv_flann2410.lib opencv_gpu2410.lib opencv_highgui2410.lib opencv_imgproc2410.lib opencv_legacy2410.lib opencv_ml2410.lib kernel32.lib user32.lib gdi32.lib winspool.lib comdlg32.lib advapi32.lib shell32.lib ole32.lib oleaut32.lib uuid.lib odbc32.lib odbccp32.lib /MANIFEST /MANIFESTUAC:"level='asInvoker' uiAccess='false'" /manifest:embed /DEBUG /PDB:"D:\学习\计算机\大三\安全学\RSA\RSA\Debug\RSA.pdb" /SUBSYSTEM:CONSOLE /TLBID:1 /DYNAMICBASE /NXCOMPAT /IMPLIB:"D:\学习\计算机\大三\安全学\RSA\RSA\Debug\RSA.lib" /MACHINE:X86 Debug\main.obj
         LINK : 没有找到 D:\学习\计算机\大三\安全学\RSA\RSA\Debug\RSA.exe 或上一个增量链接没有生成它；正在执行完全链接
         RSA.vcxproj -> D:\学习\计算机\大三\安全学\RSA\RSA\Debug\RSA.exe
     1>已完成生成项目“D:\学习\计算机\大三\安全学\RSA\RSA\RSA\RSA.vcxproj”(Build 个目标)的操作。

生成成功。

已用时间 00:00:00.85
